/home/e.ty/.conda/envs/alg_top_neuro/lib/python3.7/site-packages/joblib/parallel.py:734: UserWarning: Loky-backed parallel loops cannot be called in a multiprocessing, setting n_jobs=1
  **self._backend_args)
/home/e.ty/.conda/envs/alg_top_neuro/lib/python3.7/site-packages/joblib/parallel.py:734: UserWarning: Loky-backed parallel loops cannot be called in a multiprocessing, setting n_jobs=1
  **self._backend_args)
/home/e.ty/.conda/envs/alg_top_neuro/lib/python3.7/site-packages/joblib/parallel.py:734: UserWarning: Loky-backed parallel loops cannot be called in a multiprocessing, setting n_jobs=1
  **self._backend_args)
/home/e.ty/.conda/envs/alg_top_neuro/lib/python3.7/site-packages/joblib/parallel.py:734: UserWarning: Loky-backed parallel loops cannot be called in a multiprocessing, setting n_jobs=1
  **self._backend_args)
/home/e.ty/.conda/envs/alg_top_neuro/lib/python3.7/site-packages/joblib/parallel.py:734: UserWarning: Loky-backed parallel loops cannot be called in a multiprocessing, setting n_jobs=1
  **self._backend_args)
/home/e.ty/.conda/envs/alg_top_neuro/lib/python3.7/site-packages/joblib/parallel.py:734: UserWarning: Loky-backed parallel loops cannot be called in a multiprocessing, setting n_jobs=1
  **self._backend_args)
multiprocessing.pool.RemoteTraceback: 
"""
Traceback (most recent call last):
  File "/home/e.ty/.conda/envs/alg_top_neuro/lib/python3.7/multiprocessing/pool.py", line 121, in worker
    result = (True, func(*args, **kwds))
  File "/home/e.ty/.conda/envs/alg_top_neuro/lib/python3.7/multiprocessing/pool.py", line 44, in mapstar
    return list(map(*args))
  File "/scratch/tyoeasley/brain_representations/src_py/run_lindecomp_stbl.py", line 21, in par_stbl_iters
    read_mode=False, reps=brainreps_data)
  File "/mnt/beegfs/scratch/tyoeasley/brain_representations/src_py/lindecomp_stability.py", line 79, in run_stability_iters
    stripped_vars = strip(res_vars[j])
  File "/mnt/beegfs/scratch/tyoeasley/brain_representations/src_py/lindecomp_stability.py", line 136, in strip_CCA
    ## debug code:
  File "/mnt/beegfs/scratch/tyoeasley/brain_representations/src_py/lindecomp_stability.py", line 125, in __init__
    class CCA_stripped_vars:
AttributeError: 'NoneType' object has no attribute 'comps'
"""

The above exception was the direct cause of the following exception:

Traceback (most recent call last):
  File "/scratch/tyoeasley/brain_representations/src_py/run_lindecomp_stbl.py", line 43, in <module>
    decomp_vals,stbl_arch_dir = run_parallel_iters(output_basedir,n_workers)
  File "/scratch/tyoeasley/brain_representations/src_py/run_lindecomp_stbl.py", line 30, in run_parallel_iters
    P.map(par_stbl_iters,dirlocs)
  File "/home/e.ty/.conda/envs/alg_top_neuro/lib/python3.7/multiprocessing/pool.py", line 268, in map
    return self._map_async(func, iterable, mapstar, chunksize).get()
  File "/home/e.ty/.conda/envs/alg_top_neuro/lib/python3.7/multiprocessing/pool.py", line 657, in get
    raise self._value
AttributeError: 'NoneType' object has no attribute 'comps'
